<?xml version="1.0" encoding="UTF-8"?>
<!-- Generated by org.testng.reporters.JUnitReportReporter -->
<testsuite hostname="A115127" failures="0" tests="1" name="com.mystore.testcases.LoginPageTest" time="20.945" errors="0" timestamp="2022-01-17T10:59:53 IST" skipped="0">
  <testcase classname="com.mystore.testcases.LoginPageTest" name="loginTest" time="20.945"/>
  <system-out/>
</testsuite> <!-- com.mystore.testcases.LoginPageTest -->
