<?xml version="1.0" encoding="UTF-8"?>
<!-- Generated by org.testng.reporters.JUnitReportReporter -->
<testsuite hostname="A115127" failures="0" tests="2" name="com.mystore.testcases.HomePageTest" time="44.418" errors="0" timestamp="2022-01-15T12:03:13 IST" skipped="0">
  <testcase classname="com.mystore.testcases.HomePageTest" name="wishListTest" time="17.971"/>
  <system-out/>
  <testcase classname="com.mystore.testcases.HomePageTest" name="orderHistoryandDetailsTest" time="26.447"/>
  <system-out/>
</testsuite> <!-- com.mystore.testcases.HomePageTest -->
