<?xml version="1.0" encoding="UTF-8"?>
<!-- Generated by org.testng.reporters.JUnitReportReporter -->
<testsuite hostname="A115127" failures="0" tests="1" name="com.mystore.testcases.AddToCartPageTest" time="28.454" errors="0" timestamp="2022-01-16T21:00:38 IST" skipped="0">
  <testcase classname="com.mystore.testcases.AddToCartPageTest" name="addToCartTest" time="28.454"/>
  <system-out/>
</testsuite> <!-- com.mystore.testcases.AddToCartPageTest -->
