<?xml version="1.0" encoding="UTF-8"?>
<!-- Generated by org.testng.reporters.JUnitReportReporter -->
<testsuite hostname="A115127" failures="0" tests="2" name="com.mystore.testcases.IndexPageTest" time="21.686" errors="0" timestamp="2022-01-15T12:13:42 IST" skipped="0">
  <testcase classname="com.mystore.testcases.IndexPageTest" name="verifyTitle" time="8.646"/>
  <system-out/>
  <testcase classname="com.mystore.testcases.IndexPageTest" name="verifyLogo" time="13.040"/>
  <system-out/>
</testsuite> <!-- com.mystore.testcases.IndexPageTest -->
