<?xml version="1.0" encoding="UTF-8"?>
<!-- Generated by org.testng.reporters.JUnitReportReporter -->
<testsuite hostname="A115127" failures="0" tests="1" name="com.mystore.testcases.EndToEndTest" time="40.149" errors="0" timestamp="2022-01-17T10:59:53 IST" skipped="0">
  <testcase classname="com.mystore.testcases.EndToEndTest" name="endToEndTest" time="40.149"/>
  <system-out/>
</testsuite> <!-- com.mystore.testcases.EndToEndTest -->
